<?xml version="1.0" encoding="UTF-8"?>
<testng-results ignored="0" total="2" passed="2" failed="0" skipped="0">
  <reporter-output>
  </reporter-output>
  <suite started-at="2026-03-29T23:55:03 IST" name="Default suite" finished-at="2026-03-29T23:55:11 IST" duration-ms="8323">
    <groups>
    </groups>
    <test started-at="2026-03-29T23:55:03 IST" name="Default test" finished-at="2026-03-29T23:55:11 IST" duration-ms="8323">
      <class name="testcases.LoginTest">
        <test-method is-config="true" signature="setUp()[pri:0, instance:testcases.LoginTest@74235045]" started-at="2026-03-29T23:55:03 IST" name="setUp" finished-at="2026-03-29T23:55:06 IST" duration-ms="3208" status="PASS">
          <reporter-output>
          </reporter-output>
        </test-method> <!-- setUp -->
        <test-method signature="testInvalidLogin()[pri:0, instance:testcases.LoginTest@74235045]" started-at="2026-03-29T23:55:06 IST" name="testInvalidLogin" description="Invalid login should show error message" finished-at="2026-03-29T23:55:08 IST" duration-ms="1224" status="PASS">
          <reporter-output>
          </reporter-output>
        </test-method> <!-- testInvalidLogin -->
        <test-method is-config="true" signature="tearDown(org.testng.ITestResult)[pri:0, instance:testcases.LoginTest@74235045]" started-at="2026-03-29T23:55:08 IST" name="tearDown" finished-at="2026-03-29T23:55:08 IST" duration-ms="125" status="PASS">
          <params>
            <param index="0">
              <value>
                <![CDATA[[TestResult name=testInvalidLogin status=SUCCESS method=LoginTest.testInvalidLogin()[pri:0, instance:testcases.LoginTest@74235045] output={null}]]]>
              </value>
            </param>
          </params>
          <reporter-output>
          </reporter-output>
        </test-method> <!-- tearDown -->
        <test-method is-config="true" signature="setUp()[pri:0, instance:testcases.LoginTest@74235045]" started-at="2026-03-29T23:55:08 IST" name="setUp" finished-at="2026-03-29T23:55:10 IST" duration-ms="2370" status="PASS">
          <reporter-output>
          </reporter-output>
        </test-method> <!-- setUp -->
        <test-method signature="testValidLogin()[pri:0, instance:testcases.LoginTest@74235045]" started-at="2026-03-29T23:55:10 IST" name="testValidLogin" description="Valid login should land on account overview" finished-at="2026-03-29T23:55:11 IST" duration-ms="1243" status="PASS">
          <reporter-output>
          </reporter-output>
        </test-method> <!-- testValidLogin -->
        <test-method is-config="true" signature="tearDown(org.testng.ITestResult)[pri:0, instance:testcases.LoginTest@74235045]" started-at="2026-03-29T23:55:11 IST" name="tearDown" finished-at="2026-03-29T23:55:11 IST" duration-ms="112" status="PASS">
          <params>
            <param index="0">
              <value>
                <![CDATA[[TestResult name=testValidLogin status=SUCCESS method=LoginTest.testValidLogin()[pri:0, instance:testcases.LoginTest@74235045] output={null}]]]>
              </value>
            </param>
          </params>
          <reporter-output>
          </reporter-output>
        </test-method> <!-- tearDown -->
      </class> <!-- testcases.LoginTest -->
    </test> <!-- Default test -->
  </suite> <!-- Default suite -->
</testng-results>
